{"name": "test_search_002[search_data02-2]", "status": "failed", "statusDetails": {"message": "AssertionError: 出错了\nassert '使用二十四小时' in '<?xml version=\\'1.0\\' encoding=\\'UTF-8\\' standalone=\\'yes\\' ?>\\r\\n<hierarchy index=\"0\" class=\"hierarchy\" rotation=\"0\"...</android.widget.FrameLayout>\\r\\n    </android.widget.LinearLayout>\\r\\n  </android.widget.FrameLayout>\\r\\n</hierarchy>'\n +  where '<?xml version=\\'1.0\\' encoding=\\'UTF-8\\' standalone=\\'yes\\' ?>\\r\\n<hierarchy index=\"0\" class=\"hierarchy\" rotation=\"0\"...</android.widget.FrameLayout>\\r\\n    </android.widget.LinearLayout>\\r\\n  </android.widget.FrameLayout>\\r\\n</hierarchy>' = <appium.webdriver.webdriver.WebDriver (session=\"6284e922-0b09-4cfc-8b39-5fc0717c827b\")>.page_source\n +    where <appium.webdriver.webdriver.WebDriver (session=\"6284e922-0b09-4cfc-8b39-5fc0717c827b\")> = <scripts.test_po_001.Test_search object at 0x0000022E3292D198>.driver", "trace": "self = <scripts.test_po_001.Test_search object at 0x0000022E3292D198>, num = 'search_data02', text = 2\n\n    @pytest.mark.parametrize(\"num,text\",yaml_data())\n    def test_search_002(self,num,text):\n        # print(\"用例编号:\"+num)\n        self.search_obj.search_input(text)\n        self.driver.get_screenshot_as_file(\"./Screen/set_%s.png\" % text)\n>       assert \"使用二十四小时\" in self.driver.page_source,'出错了'\nE       AssertionError: 出错了\nE       assert '使用二十四小时' in '<?xml version=\\'1.0\\' encoding=\\'UTF-8\\' standalone=\\'yes\\' ?>\\r\\n<hierarchy index=\"0\" class=\"hierarchy\" rotation=\"0\"...</android.widget.FrameLayout>\\r\\n    </android.widget.LinearLayout>\\r\\n  </android.widget.FrameLayout>\\r\\n</hierarchy>'\nE        +  where '<?xml version=\\'1.0\\' encoding=\\'UTF-8\\' standalone=\\'yes\\' ?>\\r\\n<hierarchy index=\"0\" class=\"hierarchy\" rotation=\"0\"...</android.widget.FrameLayout>\\r\\n    </android.widget.LinearLayout>\\r\\n  </android.widget.FrameLayout>\\r\\n</hierarchy>' = <appium.webdriver.webdriver.WebDriver (session=\"6284e922-0b09-4cfc-8b39-5fc0717c827b\")>.page_source\nE        +    where <appium.webdriver.webdriver.WebDriver (session=\"6284e922-0b09-4cfc-8b39-5fc0717c827b\")> = <scripts.test_po_001.Test_search object at 0x0000022E3292D198>.driver\n\nscripts\\test_po_001.py:39: AssertionError"}, "parameters": [{"name": "num", "value": "'search_data02'"}, {"name": "text", "value": "2"}], "start": 1593102216679, "stop": 1593102218597, "uuid": "d6de956b-417a-4194-9488-a820ec8175aa", "historyId": "57d3e60f42202c5727816e264c8e1648", "testCaseId": "cfae63b820d42f5e18dcc24c7bf2b59c", "fullName": "scripts.test_po_001.Test_search#test_search_002", "labels": [{"name": "parentSuite", "value": "scripts"}, {"name": "suite", "value": "test_po_001"}, {"name": "subSuite", "value": "Test_search"}, {"name": "host", "value": "DESKTOP-EUHASDS"}, {"name": "thread", "value": "1084-MainThread"}, {"name": "framework", "value": "pytest"}, {"name": "language", "value": "cpython3"}, {"name": "package", "value": "scripts.test_po_001"}]}